info: Metodo: GET en ruta / - 7/6/2024 10:38:19
info: Metodo: GET en ruta /favicon.ico - 7/6/2024 10:38:19
info: Metodo: GET en ruta / - 7/6/2024 10:38:24
info: Metodo: GET en ruta / - 7/6/2024 10:43:18

info: Metodo: GET en ruta /api/loggerTest - 7/6/2024 10:53:30
info: Metodo: GET en ruta /api/loggerTest - 7/6/2024 10:54:44
info: Metodo: GET en ruta / - 7/6/2024 10:54:53
info: Metodo: GET en ruta / - 7/6/2024 10:55:53
info: Metodo: GET en ruta /api/loggerTest - 7/6/2024 10:56:09
info: Metodo: GET en ruta /api/loggerTest - 7/6/2024 10:56:28
info: Metodo: GET en ruta / - 7/6/2024 17:11:51
info: Metodo: GET en ruta /favicon.ico - 7/6/2024 17:11:51
info: Metodo: GET en ruta /api/products?limit=3 - 7/6/2024 17:16:27
info: Metodo: GET en ruta /loggerTest - 7/6/2024 17:16:34
http: Este es un mensaje HTTP
info: Este es un mensaje de información
warning: Este es un mensaje de advertencia
info: Metodo: GET en ruta /loggerTest - 7/6/2024 17:22:33
http: Este es un mensaje HTTP
info: Este es un mensaje de información
warning: Este es un mensaje de advertencia
info: Metodo: GET en ruta /loggerTest - 7/6/2024 21:55:06
http: Este es un mensaje HTTP
info: Este es un mensaje de información
warning: Este es un mensaje de advertencia
info: Metodo: GET en ruta /loggerTest - 7/6/2024 21:58:42
http: Este es un mensaje HTTP
info: Este es un mensaje de información
warning: Este es un mensaje de advertencia
info: Metodo: GET en ruta /loggerTest - 7/6/2024 21:59:27
http: Este es un mensaje HTTP
info: Este es un mensaje de información
warning: Este es un mensaje de advertencia
info: Metodo: GET en ruta /loggerTest - 7/6/2024 22:02:46
http: Este es un mensaje HTTP
info: Este es un mensaje de información
warning: Este es un mensaje de advertencia
info: Metodo: GET en ruta /loggerTest - 7/6/2024 22:03:03
http: Este es un mensaje HTTP
info: Este es un mensaje de información
warning: Este es un mensaje de advertencia
info: Metodo: GET en ruta /loggerTest - 7/6/2024 22:05:00
http: Este es un mensaje HTTP
info: Este es un mensaje de información
warning: Este es un mensaje de advertencia
error: Este es un mensaje de error
error: Error al registrar los logs en /loggerTest
info: Metodo: GET en ruta /loggerTest - 7/6/2024 22:05:18
http: Este es un mensaje HTTP
info: Este es un mensaje de información
warning: Este es un mensaje de advertencia
info: Metodo: GET en ruta /loggerTest - 7/6/2024 22:05:31
http: Este es un mensaje HTTP
info: Este es un mensaje de información
warning: Este es un mensaje de advertencia
error: Este es un mensaje de error
error: Error al registrar los logs en /loggerTest
info: Metodo: GET en ruta /loggerTest - 7/6/2024 22:32:50
http: Este es un mensaje HTTP
info: Este es un mensaje de información
warning: Este es un mensaje de advertencia
info: Metodo: GET en ruta /loggerTest - 7/6/2024 22:33:03
http: Este es un mensaje HTTP
info: Este es un mensaje de información
warning: Este es un mensaje de advertencia
error: Este es un mensaje de error
error: Error al registrar los logs en /loggerTest
info: Metodo: GET en ruta /loggerTest - 7/6/2024 22:37:48
warning: Este es un mensaje de advertencia
info: Metodo: GET en ruta /loggerTest - 7/6/2024 22:39:54
warning: Este es un mensaje de advertencia
info: Metodo: GET en ruta /loggerTest - 7/6/2024 22:40:14
warning: Este es un mensaje de advertencia
info: Metodo: GET en ruta /loggerTest - 7/6/2024 22:42:42
warning: Este es un mensaje de advertencia
info: Metodo: GET en ruta /loggerTest - 7/6/2024 22:42:44
warning: Este es un mensaje de advertencia
info: Metodo: GET en ruta /loggerTest - 7/6/2024 22:42:45
warning: Este es un mensaje de advertencia
info: Metodo: GET en ruta /loggerTest - 7/6/2024 22:43:21
info: Este es un mensaje de información
warning: Este es un mensaje de advertencia
info: Metodo: GET en ruta /loggerTest - 7/6/2024 22:43:27
info: Este es un mensaje de información
warning: Este es un mensaje de advertencia
info: Metodo: GET en ruta /loggerTest - 7/6/2024 22:43:47
info: Este es un mensaje de información
warning: Este es un mensaje de advertencia
error: Metodo: GET en ruta /loggerTest - 7/6/2024 22:43:47
info: Metodo: GET en ruta /loggerTest - 7/6/2024 22:44:17
http: Este es un mensaje HTTP
info: Este es un mensaje de información
warning: Este es un mensaje de advertencia
info: Metodo: GET en ruta /loggerTest - 7/6/2024 22:44:25
http: Este es un mensaje HTTP
info: Este es un mensaje de información
warning: Este es un mensaje de advertencia
info: Metodo: GET en ruta /loggerTest - 7/6/2024 22:45:50
http: Este es un mensaje HTTP
info: Este es un mensaje de información
warning: Este es un mensaje de advertencia
info: Metodo: GET en ruta /loggerTest - 7/6/2024 22:45:58
http: Este es un mensaje HTTP
info: Este es un mensaje de información
warning: Este es un mensaje de advertencia
info: Metodo: GET en ruta /loggerTest - 7/6/2024 22:45:59
http: Este es un mensaje HTTP
info: Este es un mensaje de información
warning: Este es un mensaje de advertencia
info: Metodo: GET en ruta /loggerTest - 7/6/2024 22:45:59
http: Este es un mensaje HTTP
info: Este es un mensaje de información
warning: Este es un mensaje de advertencia
info: Metodo: GET en ruta /loggerTest - 7/6/2024 22:45:59
http: Este es un mensaje HTTP
info: Este es un mensaje de información
warning: Este es un mensaje de advertencia
info: Metodo: GET en ruta /loggerTest - 7/6/2024 22:46:14
http: Este es un mensaje HTTP
info: Este es un mensaje de información
warning: Este es un mensaje de advertencia
info: Metodo: GET en ruta /loggerTest - 7/6/2024 22:46:28
http: Este es un mensaje HTTP
info: Este es un mensaje de información
warning: Este es un mensaje de advertencia
info: Metodo: GET en ruta /loggerTest - 7/6/2024 22:49:25
http: Este es un mensaje HTTP
info: Este es un mensaje de información
warning: Este es un mensaje de advertencia
error: ERROR
info: Metodo: GET en ruta /loggerTest - 7/6/2024 22:49:51
http: Este es un mensaje HTTP
info: Este es un mensaje de información
warning: Este es un mensaje de advertencia
error: Mensaje de ERROR
info: Metodo: GET en ruta /loggerTest - 7/6/2024 22:50:24
http: Este es un mensaje HTTP
info: Este es un mensaje de información
warning: Este es un mensaje de advertencia
error: Mensaje de ERROR
error: Metodo: GET en ruta /loggerTest - 7/6/2024 22:50:24
info: Metodo: GET en ruta /loggerTest - 7/6/2024 22:50:53
http: Este es un mensaje HTTP
info: Este es un mensaje de información
warning: Este es un mensaje de advertencia
error: Metodo: GET en ruta /loggerTest - 7/6/2024 22:50:53
info: Metodo: GET en ruta /loggerTest - 7/6/2024 22:51:39
http: Este es un mensaje HTTP
info: Este es un mensaje de información
warning: Este es un mensaje de advertencia
error: Mensaje de ERROR
info: Metodo: GET en ruta /loggerTest - 7/6/2024 23:12:34
http: Este es un mensaje HTTP
info: Este es un mensaje de información
warning: Este es un mensaje de advertencia
error: ERROR
info: Metodo: GET en ruta /loggerTest - 7/6/2024 23:13:08
http: Este es un mensaje HTTP
info: Este es un mensaje de información
warning: Este es un mensaje de advertencia
error: ERROR
error: Metodo: GET en ruta /loggerTest - 7/6/2024 23:13:08
info: Metodo: GET en ruta /loggerTest - 7/6/2024 23:13:58
http: Este es un mensaje HTTP
info: Este es un mensaje de información
warning: Este es un mensaje de advertencia
error: ERROR
error: Metodo: GET en ruta /loggerTest - 7/6/2024 23:13:58
info: Metodo: GET en ruta /loggerTest - 7/6/2024 23:14:11
http: Este es un mensaje HTTP
info: Este es un mensaje de información
warning: Este es un mensaje de advertencia
error: ERROR
error: Metodo: GET en ruta /loggerTest - 7/6/2024 23:14:11
info: Metodo: GET en ruta /loggerTest - 7/6/2024 23:14:49
http: Este es un mensaje HTTP
info: Este es un mensaje de información
warning: Este es un mensaje de advertencia
error: ERROR
error: Metodo: GET en ruta /loggerTest - 7/6/2024 23:14:49
info: Metodo: GET en ruta /loggerTest - 7/6/2024 23:16:16
http: Este es un mensaje HTTP
info: Este es un mensaje de información
warning: Este es un mensaje de advertencia
error: ERROR
info: Metodo: GET en ruta /loggerTest - 7/6/2024 23:16:43
http: Este es un mensaje HTTP
info: Este es un mensaje de información
warning: Este es un mensaje de advertencia
error: ERROR
info: Metodo: GET en ruta /loggerTest - 7/6/2024 23:22:58
http: Este es un mensaje HTTP
info: Este es un mensaje de información
warning: Este es un mensaje de advertencia
error: ERROR
info: Metodo: GET en ruta /loggerTest - 7/6/2024 23:52:27
http: Este es un mensaje HTTP
info: Este es un mensaje de información
warning: Este es un mensaje de advertencia
error: ERROR
info: Metodo: GET en ruta /loggerTest - 7/6/2024 23:54:52
http: Este es un mensaje HTTP
info: Este es un mensaje de información
warning: Este es un mensaje de advertencia
error: ERROR
info: Metodo: GET en ruta /loggerTest - 7/6/2024 23:55:22
http: Este es un mensaje HTTP
info: Este es un mensaje de información
warning: Este es un mensaje de advertencia
error: ERROR
info: Metodo: GET en ruta /loggerTest - 7/6/2024 23:56:09
http: Este es un mensaje HTTP
info: Este es un mensaje de información
warning: Este es un mensaje de advertencia
error: ERROR
info: Metodo: GET en ruta /loggerTest - 7/6/2024 23:56:28
http: Este es un mensaje HTTP
info: Este es un mensaje de información
warning: Este es un mensaje de advertencia
error: ERROR
info: Metodo: GET en ruta /api/products?limit=3 - 7/6/2024 23:56:33
info: Metodo: GET en ruta / - 7/6/2024 23:57:56
info: Metodo: GET en ruta /suma - 7/6/2024 23:58:17
info: Metodo: GET en ruta /loggerTest - 8/6/2024 00:05:48
http: Este es un mensaje HTTP
info: Este es un mensaje de información
warning: Este es un mensaje de advertencia
error: ERROR
info: Metodo: GET en ruta /loggerTest - 8/6/2024 00:06:11
http: Este es un mensaje HTTP
info: Este es un mensaje de información
warning: Este es un mensaje de advertencia
error: ERROR
error: Metodo: GET en ruta /loggerTest - 8/6/2024 00:06:11
info: Metodo: GET en ruta /loggerTest - 8/6/2024 00:26:15
http: Este es un mensaje HTTP
info: Este es un mensaje de información
warning: Este es un mensaje de advertencia
error: ERROR
error: Metodo: GET en ruta /loggerTest - 8/6/2024 00:26:15
info: Metodo: GET en ruta /loggerTest - 8/6/2024 00:49:44
http: Este es un mensaje HTTP
info: Este es un mensaje de información
warning: Este es un mensaje de advertencia
error: ERROR
error: Metodo: GET en ruta /loggerTest - 8/6/2024 00:49:44
info: Metodo: GET en ruta /loggerTest - 8/6/2024 00:49:45
http: Este es un mensaje HTTP
info: Este es un mensaje de información
warning: Este es un mensaje de advertencia
error: ERROR
error: Metodo: GET en ruta /loggerTest - 8/6/2024 00:49:45
info: Metodo: GET en ruta /loggerTest - 8/6/2024 00:49:45
http: Este es un mensaje HTTP
info: Este es un mensaje de información
warning: Este es un mensaje de advertencia
error: ERROR
error: Metodo: GET en ruta /loggerTest - 8/6/2024 00:49:45
info: Metodo: GET en ruta / - 8/6/2024 00:49:51
info: Metodo: GET en ruta /api/products?limit=3 - 8/6/2024 00:53:02
info: Metodo: GET en ruta /apidocs - 19/6/2024 11:15:07
info: Metodo: GET en ruta /apidocs/ - 19/6/2024 11:15:07
info: Metodo: GET en ruta /apidocs/swagger-ui.css - 19/6/2024 11:15:07
info: Metodo: GET en ruta /apidocs/swagger-ui-standalone-preset.js - 19/6/2024 11:15:07
info: Metodo: GET en ruta /apidocs/swagger-ui-bundle.js - 19/6/2024 11:15:07
info: Metodo: GET en ruta /apidocs/swagger-ui-init.js - 19/6/2024 11:15:07
info: Metodo: GET en ruta /apidocs/favicon-32x32.png - 19/6/2024 11:15:09
info: Metodo: GET en ruta / - 19/6/2024 11:20:31
info: Metodo: GET en ruta /favicon.ico - 19/6/2024 11:20:31
info: Metodo: GET en ruta /api/products - 19/6/2024 11:49:02
info: Metodo: GET en ruta /api/products - 19/6/2024 11:49:15
info: Metodo: GET en ruta /api/products - 19/6/2024 11:49:17
info: Metodo: GET en ruta /api/products/generate-random - 19/6/2024 11:49:40
info: Metodo: POST en ruta /api/cart - 19/6/2024 12:15:03
info: Metodo: GET en ruta /api/products - 21/6/2024 21:00:33
info: Metodo: POST en ruta /api/products - 21/6/2024 21:00:34
info: Metodo: GET en ruta /api/products - 21/6/2024 21:08:50
info: Metodo: POST en ruta /api/products - 21/6/2024 21:08:50
info: Metodo: GET en ruta /api/products - 21/6/2024 21:11:02
info: Metodo: POST en ruta /api/products - 21/6/2024 21:11:03
info: Metodo: POST en ruta /api/cart - 21/6/2024 22:13:05
info: Metodo: GET en ruta /api/cart/667625218064b437e61ac0ae - 21/6/2024 22:13:05
info: Metodo: PUT en ruta /api/cart/667625218064b437e61ac0ae/products/undefined - 21/6/2024 22:13:05
info: Metodo: DELETE en ruta /api/cart/667625218064b437e61ac0ae/products/undefined - 21/6/2024 22:13:05
info: Metodo: DELETE en ruta /api/cart/667625218064b437e61ac0ae - 21/6/2024 22:13:06
info: Metodo: POST en ruta /api/cart - 21/6/2024 22:18:42
info: Metodo: GET en ruta /api/cart/66762672def1683e987ae711 - 21/6/2024 22:18:42
info: Metodo: PUT en ruta /api/cart/66762672def1683e987ae711/products/undefined - 21/6/2024 22:18:42
info: Metodo: DELETE en ruta /api/cart/66762672def1683e987ae711/products/undefined - 21/6/2024 22:18:43
info: Metodo: DELETE en ruta /api/cart/66762672def1683e987ae711 - 21/6/2024 22:18:43
info: Metodo: POST en ruta /api/cart - 21/6/2024 22:26:52
info: Metodo: GET en ruta /api/cart/6676285c37e174f0f19c5ccd - 21/6/2024 22:26:52
info: Metodo: PUT en ruta /api/cart/6676285c37e174f0f19c5ccd/products/undefined - 21/6/2024 22:26:52
info: Metodo: DELETE en ruta /api/cart/6676285c37e174f0f19c5ccd/products/undefined - 21/6/2024 22:26:52
info: Metodo: DELETE en ruta /api/cart/6676285c37e174f0f19c5ccd - 21/6/2024 22:26:52
info: Metodo: POST en ruta /api/cart - 21/6/2024 22:28:17
info: Metodo: GET en ruta /api/cart/667628b137e174f0f19c5cd0 - 21/6/2024 22:28:17
info: Metodo: POST en ruta /api/cart/667628b137e174f0f19c5cd0/667628b140168793db16d8db - 21/6/2024 22:28:17
info: Metodo: PUT en ruta /api/cart/667628b137e174f0f19c5cd0/products/667628b140168793db16d8db - 21/6/2024 22:28:17
info: Metodo: DELETE en ruta /api/cart/667628b137e174f0f19c5cd0/products/667628b140168793db16d8db - 21/6/2024 22:28:17
info: Metodo: DELETE en ruta /api/cart/667628b137e174f0f19c5cd0 - 21/6/2024 22:28:17
info: Metodo: GET en ruta /api/products - 21/6/2024 22:28:44
info: Metodo: POST en ruta /api/products - 21/6/2024 22:28:44
