warning: Este es un mensaje de advertencia
warning: Este es un mensaje de advertencia
warning: Este es un mensaje de advertencia
warning: Este es un mensaje de advertencia
warning: Este es un mensaje de advertencia
warning: Este es un mensaje de advertencia
warning: Este es un mensaje de advertencia
warning: Este es un mensaje de advertencia
error: Este es un mensaje de error
error: Error al registrar los logs en /loggerTest
warning: Este es un mensaje de advertencia
warning: Este es un mensaje de advertencia
error: Este es un mensaje de error
error: Error al registrar los logs en /loggerTest
warning: Este es un mensaje de advertencia
warning: Este es un mensaje de advertencia
error: Este es un mensaje de error
error: Error al registrar los logs en /loggerTest
warning: Este es un mensaje de advertencia
warning: Este es un mensaje de advertencia
warning: Este es un mensaje de advertencia
warning: Este es un mensaje de advertencia
warning: Este es un mensaje de advertencia
warning: Este es un mensaje de advertencia
warning: Este es un mensaje de advertencia
warning: Este es un mensaje de advertencia
warning: Este es un mensaje de advertencia
error: Metodo: GET en ruta /loggerTest - 7/6/2024 22:43:47
warning: Este es un mensaje de advertencia
warning: Este es un mensaje de advertencia
warning: Este es un mensaje de advertencia
warning: Este es un mensaje de advertencia
warning: Este es un mensaje de advertencia
warning: Este es un mensaje de advertencia
warning: Este es un mensaje de advertencia
warning: Este es un mensaje de advertencia
warning: Este es un mensaje de advertencia
warning: Este es un mensaje de advertencia
error: ERROR
warning: Este es un mensaje de advertencia
error: Mensaje de ERROR
warning: Este es un mensaje de advertencia
error: Mensaje de ERROR
error: Metodo: GET en ruta /loggerTest - 7/6/2024 22:50:24
warning: Este es un mensaje de advertencia
error: Metodo: GET en ruta /loggerTest - 7/6/2024 22:50:53
warning: Este es un mensaje de advertencia
error: Mensaje de ERROR
warning: Este es un mensaje de advertencia
error: ERROR
warning: Este es un mensaje de advertencia
error: ERROR
error: Metodo: GET en ruta /loggerTest - 7/6/2024 23:13:08
warning: Este es un mensaje de advertencia
error: ERROR
error: Metodo: GET en ruta /loggerTest - 7/6/2024 23:13:58
warning: Este es un mensaje de advertencia
error: ERROR
error: Metodo: GET en ruta /loggerTest - 7/6/2024 23:14:11
warning: Este es un mensaje de advertencia
error: ERROR
error: Metodo: GET en ruta /loggerTest - 7/6/2024 23:14:49
warning: Este es un mensaje de advertencia
error: ERROR
warning: Este es un mensaje de advertencia
error: ERROR
warning: Este es un mensaje de advertencia
error: ERROR
warning: Este es un mensaje de advertencia
error: ERROR
warning: Este es un mensaje de advertencia
error: ERROR
warning: Este es un mensaje de advertencia
error: ERROR
warning: Este es un mensaje de advertencia
error: ERROR
warning: Este es un mensaje de advertencia
error: ERROR
warning: Este es un mensaje de advertencia
error: ERROR
warning: Este es un mensaje de advertencia
error: ERROR
error: Metodo: GET en ruta /loggerTest - 8/6/2024 00:06:11
warning: Este es un mensaje de advertencia
error: ERROR
error: Metodo: GET en ruta /loggerTest - 8/6/2024 00:26:15
